<?xml version="1.0" encoding="UTF-8"?>
<testsuite xmlns:xsi="http://www.w3.org/2001/XMLSchema-instance" xsi:noNamespaceSchemaLocation="https://maven.apache.org/surefire/maven-surefire-plugin/xsd/surefire-test-report.xsd" version="3.0.2" name="com.agr.gestaodeferias.agr_gestao_ferias.AgrGestaoFeriasApplicationTests" time="8.007" tests="1" errors="0" skipped="0" failures="0" flakes="0">
  <properties>
[...]
</properties>
  <testcase name="contextLoads" classname="com.agr.gestaodeferias.agr_gestao_ferias.AgrGestaoFeriasApplicationTests" time="0.49">
    <system-out><![CDATA[16:42:51.039 [main] INFO org.springframework.test.context.support.AnnotationConfigContextLoaderUtils -- Could not detect default configuration classes for test class [com.agr.gestaodeferias.agr_gestao_ferias.AgrGestaoFeriasApplicationTests]: AgrGestaoFeriasApplicationTests does not declare any static, non-private, non-final, nested classes annotated with @Configuration.
16:42:51.193 [main] INFO org.springframework.boot.test.context.SpringBootTestContextBootstrapper -- Found @SpringBootConfiguration com.agr.gestaodeferias.agr_gestao_ferias.AgrGestaoFeriasApplication for test class com.agr.gestaodeferias.agr_gestao_ferias.AgrGestaoFeriasApplicationTests

  .   ____          _            __ _ _
 /\\ / ___'_ __ _ _(_)_ __  __ _ \ \ \ \
( ( )\___ | '_ | '_| | '_ \/ _` | \ \ \ \
 \\/  ___)| |_)| | | | | || (_| |  ) ) ) )
  '  |____| .__|_| |_|_| |_\__, | / / / /
 =========|_|==============|___/=/_/_/_/

 :: Spring Boot ::               (v3.5.14)

2026-05-13T16:42:51.834-03:00  INFO 3612 --- [agr-gestao-ferias] [           main] c.a.g.a.AgrGestaoFeriasApplicationTests  : Starting AgrGestaoFeriasApplicationTests using Java 17.0.16 with PID 3612 (started by leonardo.amichi in C:\Users\leonardo.amichI\Trabalho\GestaoDeFerias-AGR\agr-gestao-ferias)
2026-05-13T16:42:51.835-03:00  INFO 3612 --- [agr-gestao-ferias] [           main] c.a.g.a.AgrGestaoFeriasApplicationTests  : No active profile set, falling back to 1 default profile: "default"
2026-05-13T16:42:53.020-03:00  INFO 3612 --- [agr-gestao-ferias] [           main] .s.d.r.c.RepositoryConfigurationDelegate : Bootstrapping Spring Data JPA repositories in DEFAULT mode.
2026-05-13T16:42:53.120-03:00  INFO 3612 --- [agr-gestao-ferias] [           main] .s.d.r.c.RepositoryConfigurationDelegate : Finished Spring Data repository scanning in 79 ms. Found 2 JPA repository interfaces.
2026-05-13T16:42:53.900-03:00  INFO 3612 --- [agr-gestao-ferias] [           main] o.hibernate.jpa.internal.util.LogHelper  : HHH000204: Processing PersistenceUnitInfo [name: default]
2026-05-13T16:42:53.988-03:00  INFO 3612 --- [agr-gestao-ferias] [           main] org.hibernate.Version                    : HHH000412: Hibernate ORM core version 6.6.49.Final
2026-05-13T16:42:54.040-03:00  INFO 3612 --- [agr-gestao-ferias] [           main] o.h.c.internal.RegionFactoryInitiator    : HHH000026: Second-level cache disabled
2026-05-13T16:42:54.673-03:00  INFO 3612 --- [agr-gestao-ferias] [           main] o.s.o.j.p.SpringPersistenceUnitInfo      : No LoadTimeWeaver setup: ignoring JPA class transformer
2026-05-13T16:42:54.712-03:00  INFO 3612 --- [agr-gestao-ferias] [           main] com.zaxxer.hikari.HikariDataSource       : HikariPool-1 - Starting...
2026-05-13T16:42:54.913-03:00  INFO 3612 --- [agr-gestao-ferias] [           main] com.zaxxer.hikari.pool.HikariPool        : HikariPool-1 - Added connection conn0: url=jdbc:h2:file:./data/agr_ferias_db user=SA
2026-05-13T16:42:54.916-03:00  INFO 3612 --- [agr-gestao-ferias] [           main] com.zaxxer.hikari.HikariDataSource       : HikariPool-1 - Start completed.
2026-05-13T16:42:54.939-03:00  WARN 3612 --- [agr-gestao-ferias] [           main] org.hibernate.orm.deprecation            : HHH90000025: H2Dialect does not need to be specified explicitly using 'hibernate.dialect' (remove the property setting and it will be selected by default)
2026-05-13T16:42:54.963-03:00  INFO 3612 --- [agr-gestao-ferias] [           main] org.hibernate.orm.connections.pooling    : HHH10001005: Database info:
	Database JDBC URL [Connecting through datasource 'HikariDataSource (HikariPool-1)']
	Database driver: undefined/unknown
	Database version: 2.3.232
	Autocommit mode: undefined/unknown
	Isolation level: undefined/unknown
	Minimum pool size: undefined/unknown
	Maximum pool size: undefined/unknown
2026-05-13T16:42:55.992-03:00  INFO 3612 --- [agr-gestao-ferias] [           main] o.h.e.t.j.p.i.JtaPlatformInitiator       : HHH000489: No JTA platform available (set 'hibernate.transaction.jta.platform' to enable JTA platform integration)
2026-05-13T16:42:56.042-03:00 DEBUG 3612 --- [agr-gestao-ferias] [           main] org.hibernate.SQL                        : 
    create table ferias_pedido (
        id bigint generated by default as identity,
        cpf_funcionario varchar(255),
        data_fim date,
        data_inicio date,
        nome_funcionario varchar(255),
        parcela_numero integer not null,
        quantidade_dias integer not null,
        funcionario_id uuid not null,
        primary key (id)
    )
Hibernate: 
    create table ferias_pedido (
        id bigint generated by default as identity,
        cpf_funcionario varchar(255),
        data_fim date,
        data_inicio date,
        nome_funcionario varchar(255),
        parcela_numero integer not null,
        quantidade_dias integer not null,
        funcionario_id uuid not null,
        primary key (id)
    )
2026-05-13T16:42:56.053-03:00 DEBUG 3612 --- [agr-gestao-ferias] [           main] org.hibernate.SQL                        : 
    create table funcionario (
        tipo_vinculo varchar(31) not null,
        id uuid not null,
        cpf varchar(255),
        data_admissao date,
        dias_disponiveis_ano_atual integer not null,
        nome varchar(255),
        numero_de_dias_de_ferias_acumulados integer not null,
        numero_de_parcelas_usadas integer not null,
        parcelas_disponiveis integer not null,
        regime enum ('CLT','ESTADUAL','TEMPORARIO'),
        termino_periodo_aquisitivo date,
        primary key (id)
    )
Hibernate: 
    create table funcionario (
        tipo_vinculo varchar(31) not null,
        id uuid not null,
        cpf varchar(255),
        data_admissao date,
        dias_disponiveis_ano_atual integer not null,
        nome varchar(255),
        numero_de_dias_de_ferias_acumulados integer not null,
        numero_de_parcelas_usadas integer not null,
        parcelas_disponiveis integer not null,
        regime enum ('CLT','ESTADUAL','TEMPORARIO'),
        termino_periodo_aquisitivo date,
        primary key (id)
    )
2026-05-13T16:42:56.056-03:00 DEBUG 3612 --- [agr-gestao-ferias] [           main] org.hibernate.SQL                        : 
    alter table if exists ferias_pedido 
       add constraint FK2bksx3sxo3yy1aofgyqbs3xko 
       foreign key (funcionario_id) 
       references funcionario
Hibernate: 
    alter table if exists ferias_pedido 
       add constraint FK2bksx3sxo3yy1aofgyqbs3xko 
       foreign key (funcionario_id) 
       references funcionario
2026-05-13T16:42:56.063-03:00  INFO 3612 --- [agr-gestao-ferias] [           main] j.LocalContainerEntityManagerFactoryBean : Initialized JPA EntityManagerFactory for persistence unit 'default'
2026-05-13T16:42:57.131-03:00  WARN 3612 --- [agr-gestao-ferias] [           main] JpaBaseConfiguration$JpaWebConfiguration : spring.jpa.open-in-view is enabled by default. Therefore, database queries may be performed during view rendering. Explicitly configure spring.jpa.open-in-view to disable this warning
2026-05-13T16:42:58.072-03:00  INFO 3612 --- [agr-gestao-ferias] [           main] o.s.b.a.h2.H2ConsoleAutoConfiguration    : H2 console available at '/h2-console'. Database available at 'jdbc:h2:file:./data/agr_ferias_db'
2026-05-13T16:42:58.107-03:00  INFO 3612 --- [agr-gestao-ferias] [           main] o.s.b.a.e.web.EndpointLinksResolver      : Exposing 1 endpoint beneath base path '/actuator'
2026-05-13T16:42:58.239-03:00  INFO 3612 --- [agr-gestao-ferias] [           main] c.a.g.a.AgrGestaoFeriasApplicationTests  : Started AgrGestaoFeriasApplicationTests in 6.814 seconds (process running for 8.06)
Arquivo CSV não encontrado: PLANILHA CONTROLE DE FÃRIAS ATIVA(Controle de FÃ©rias)UTF-8.csv
]]></system-out>
  </testcase>
</testsuite>