<?xml version="1.0" encoding="UTF-8"?>
<testsuite xmlns:xsi="http://www.w3.org/2001/XMLSchema-instance" xsi:noNamespaceSchemaLocation="https://maven.apache.org/surefire/maven-surefire-plugin/xsd/surefire-test-report.xsd" version="3.0.2" name="com.agr.gestaodeferias.agr_gestao_ferias.FeriasServiceTest" time="0.251" tests="8" errors="0" skipped="0" failures="0" flakes="0">
  <properties>
[...]
</properties>
  <testcase name="testSaldoComAnosCompletosSemFérias" classname="com.agr.gestaodeferias.agr_gestao_ferias.FeriasServiceTest" time="0.23"/>
  <testcase name="testLimiteMaximo90Dias" classname="com.agr.gestaodeferias.agr_gestao_ferias.FeriasServiceTest" time="0.002"/>
  <testcase name="testResetParcelasNoNovoCicloAnual" classname="com.agr.gestaodeferias.agr_gestao_ferias.FeriasServiceTest" time="0.006"/>
  <testcase name="testSaldoRecemAdmitido" classname="com.agr.gestaodeferias.agr_gestao_ferias.FeriasServiceTest" time="0.002"/>
  <testcase name="testNaoPermiteMaisDe30DiasNoMesmoCicloAnual" classname="com.agr.gestaodeferias.agr_gestao_ferias.FeriasServiceTest" time="0.002"/>
  <testcase name="testFuncionarioIniciaCom3ParcelasDisponiveis" classname="com.agr.gestaodeferias.agr_gestao_ferias.FeriasServiceTest" time="0.003"/>
  <testcase name="testAcumuloNoAniversarioDeAdmissao" classname="com.agr.gestaodeferias.agr_gestao_ferias.FeriasServiceTest" time="0.003"/>
  <testcase name="testSaldoComFériasParciais" classname="com.agr.gestaodeferias.agr_gestao_ferias.FeriasServiceTest" time="0.001"/>
</testsuite>